('Before scaling:', 10644.607283842792)
('After scaling:', 10005.930846812227)
('New number of bins:', 14)
Bin edges:
0.0
10.0
20.0
30.0
40.0
50.0
60.0
70.0
80.0
90.0
100.0
110.0
120.0
140.0
200.0

****************************************
Minimizer is Linear
Chi2                      =      132.336
NDf                       =           12
p0                        =      1.04804   +/-   0.0113832   
p1                        =  -0.00073513   +/-   0.000137052 
Polynomial order 1: Chi2/NDF = 11.028

****************************************
Minimizer is Linear
Chi2                      =       60.446
NDf                       =           11
p0                        =      1.18745   +/-   0.0199978   
p1                        =  -0.00481386   +/-   0.000500191 
p2                        =  2.31371e-05   +/-   2.72881e-06 
Polynomial order 2: Chi2/NDF = 5.495

****************************************
Minimizer is Linear
Chi2                      =      6.10757
NDf                       =           10
p0                        =      1.00265   +/-   0.0320686   
p1                        =   0.00478589   +/-   0.00139504  
p2                        = -0.000104899   +/-   1.75822e-05 
p3                        =  4.70417e-07   +/-   6.3816e-08  
Polynomial order 3: Chi2/NDF = 0.611

****************************************
Minimizer is Linear
Chi2                      =      6.05597
NDf                       =            9
p0                        =     0.994806   +/-   0.0471203   
p1                        =   0.00544074   +/-   0.0032026   
p2                        = -0.000120423   +/-   7.05656e-05 
p3                        =  6.05953e-07   +/-   6.00068e-07 
p4                        = -3.84961e-10   +/-   1.6947e-09  
Polynomial order 4: Chi2/NDF = 0.673

****************************************
Minimizer is Linear
Chi2                      =      5.96453
NDf                       =            8
p0                        =      1.00823   +/-   0.0647321   
p1                        =   0.00375882   +/-   0.00641845  
p2                        =  -5.8096e-05   +/-   0.000217869 
p3                        =  -3.4386e-07   +/-   3.19798e-06 
p4                        =  5.88577e-09   +/-   2.08074e-08 
p5                        = -1.47908e-11   +/-   4.89154e-11 
Polynomial order 5: Chi2/NDF = 0.746

****************************************
Minimizer is Linear
Chi2                      =      2.90261
NDf                       =            7
p0                        =      1.10625   +/-   0.0856043   
p1                        =   -0.0136496   +/-   0.0118394   
p2                        =  0.000872012   +/-   0.000574458 
p3                        = -2.19412e-05   +/-   1.27501e-05 
p4                        =  2.49323e-07   +/-   1.40667e-07 
p5                        = -1.31996e-09   +/-   7.47481e-10 
p6                        =  2.65493e-12   +/-   1.51725e-12 
Polynomial order 6: Chi2/NDF = 0.415

****************************************
Minimizer is Linear
Chi2                      =      2.87977
NDf                       =            6
p0                        =      1.11734   +/-   0.112756    
p1                        =   -0.0162746   +/-   0.0210215   
p2                        =   0.00106182   +/-   0.00138111  
p3                        = -2.81198e-05   +/-   4.28263e-05 
p4                        =  3.53152e-07   +/-   7.01295e-07 
p5                        = -2.25211e-09   +/-   6.21328e-09 
p6                        =  6.88603e-12   +/-   2.80385e-11 
p7                        = -7.60077e-15   +/-   5.02948e-14 
Polynomial order 7: Chi2/NDF = 0.480

****************************************
Minimizer is Linear
Chi2                      =      1.03098
NDf                       =            5
p0                        =     0.972598   +/-   0.155067    
p1                        =    0.0262671   +/-   0.037694    
p2                        =  -0.00286187   +/-   0.00319921  
p3                        =  0.000139775   +/-   0.000130697 
p4                        = -3.51241e-06   +/-   2.9282e-06  
p5                        =  4.84777e-08   +/-   3.78238e-08 
p6                        = -3.71887e-10   +/-   2.79982e-10 
p7                        =  1.48562e-12   +/-   1.09936e-12 
p8                        = -2.40476e-15   +/-   1.76862e-15 
Polynomial order 8: Chi2/NDF = 0.206

****************************************
Minimizer is Linear
Chi2                      =     0.715702
NDf                       =            4
p0                        =     0.872023   +/-   0.237066    
p1                        =    0.0605981   +/-   0.0718853   
p2                        =  -0.00668954   +/-   0.00753714  
p3                        =  0.000343951   +/-   0.000386783 
p4                        = -9.57058e-06   +/-   1.11912e-05 
p5                        =  1.55509e-07   +/-   1.94542e-07 
p6                        = -1.52152e-09   +/-   2.06875e-09 
p7                        =  8.83062e-12   +/-   1.31417e-11 
p8                        =     -2.8e-14   +/-   4.56689e-14 
p9                        =  3.73498e-17   +/-   6.65921e-17 
Polynomial order 9: Chi2/NDF = 0.179

Best fit: Polynomial order 9 with Chi2/NDF = 0.179
