('Before scaling:', 4297.34274095599)
('After scaling:', 4275.856027251209)
('New number of bins:', 14)
Bin edges:
0.0
10.0
20.0
30.0
40.0
50.0
60.0
70.0
80.0
90.0
100.0
110.0
120.0
140.0
200.0

****************************************
Minimizer is Linear
Chi2                      =      1216.14
NDf                       =           12
p0                        =        1.304   +/-   0.0103351   
p1                        =    -0.011963   +/-   0.000211785 
Polynomial order 1: Chi2/NDF = 101.345

****************************************
Minimizer is Linear
Chi2                      =      271.454
NDf                       =           11
p0                        =      1.66238   +/-   0.0155812   
p1                        =   -0.0284818   +/-   0.000577669 
p2                        =  0.000145357   +/-   4.72927e-06 
Polynomial order 2: Chi2/NDF = 24.678

****************************************
Minimizer is Linear
Chi2                      =      49.9825
NDf                       =           10
p0                        =      1.90324   +/-   0.022466    
p1                        =   -0.0457063   +/-   0.00129356  
p2                        =  0.000449337   +/-   2.09665e-05 
p3                        =  -1.3907e-06   +/-   9.34493e-08 
Polynomial order 3: Chi2/NDF = 4.998

****************************************
Minimizer is Linear
Chi2                      =      7.80946
NDf                       =            9
p0                        =      2.04357   +/-   0.0311708   
p1                        =   -0.0607398   +/-   0.00265185  
p2                        =  0.000892965   +/-   7.14578e-05 
p3                        = -6.02116e-06   +/-   7.19125e-07 
p4                        =   1.4979e-08   +/-   2.30656e-09 
Polynomial order 4: Chi2/NDF = 0.868

****************************************
Minimizer is Linear
Chi2                      =      6.74388
NDf                       =            8
p0                        =      2.07128   +/-   0.0411389   
p1                        =   -0.0649712   +/-   0.0048821   
p2                        =   0.00108053   +/-   0.000195246 
p3                        = -9.35443e-06   +/-   3.30817e-06 
p4                        =  3.99179e-08   +/-   2.42691e-08 
p5                        = -6.47483e-11   +/-   6.27241e-11 
Polynomial order 5: Chi2/NDF = 0.843

****************************************
Minimizer is Linear
Chi2                      =      6.72435
NDf                       =            7
p0                        =      2.06647   +/-   0.0536317   
p1                        =   -0.0639775   +/-   0.00862653  
p2                        =    0.0010193   +/-   0.000479742 
p3                        = -7.74194e-06   +/-   1.2005e-05  
p4                        =  1.96926e-08   +/-   1.46768e-07 
p5                        =  5.36599e-11   +/-   8.49737e-10 
p6                        = -2.58402e-13   +/-   1.84932e-12 
Polynomial order 6: Chi2/NDF = 0.961

****************************************
Minimizer is Linear
Chi2                      =       5.3417
NDf                       =            6
p0                        =        2.121   +/-   0.0709009   
p1                        =   -0.0784395   +/-   0.0150228   
p2                        =    0.0021927   +/-   0.00110724  
p3                        =  -5.0236e-05   +/-   3.80804e-05 
p4                        =  8.04559e-07   +/-   6.83427e-07 
p5                        = -7.58966e-09   +/-   6.55549e-09 
p6                        =  3.68893e-11   +/-   3.1646e-11  
p7                        = -7.05946e-14   +/-   6.00365e-14 
Polynomial order 7: Chi2/NDF = 0.890

****************************************
Minimizer is Linear
Chi2                      =      4.58177
NDf                       =            5
p0                        =      2.18337   +/-   0.100725    
p1                        =   -0.0982264   +/-   0.0272194   
p2                        =   0.00418183   +/-   0.00253625  
p3                        = -0.000142809   +/-   0.000112815 
p4                        =  3.10774e-06   +/-   2.72902e-06 
p5                        = -3.99867e-08   +/-   3.77375e-08 
p6                        =  2.93943e-10   +/-   2.96568e-10 
p7                        = -1.13846e-12   +/-   1.22645e-12 
p8                        =  1.79781e-15   +/-   2.06233e-15 
Polynomial order 8: Chi2/NDF = 0.916

****************************************
Minimizer is Linear
Chi2                      =      2.63917
NDf                       =            4
p0                        =      1.99922   +/-   0.16614     
p1                        =   -0.0323181   +/-   0.0545629   
p2                        =  -0.00362867   +/-   0.00615118  
p3                        =  0.000301201   +/-   0.000337959 
p4                        = -1.09036e-05   +/-   1.04168e-05 
p5                        =  2.22148e-07   +/-   1.91828e-07 
p6                        = -2.67174e-09   +/-   2.14842e-09 
p7                        =  1.87063e-11   +/-   1.42911e-11 
p8                        = -7.02207e-14   +/-   5.17138e-14 
p9                        =  1.08853e-16   +/-   7.81011e-17 
Polynomial order 9: Chi2/NDF = 0.660

Best fit: Polynomial order 9 with Chi2/NDF = 0.660
