('Before scaling:', 4297.34274095599)
('After scaling:', 4275.856027251209)

****************************************
Minimizer is Linear
Chi2                      =      1254.45
NDf                       =           18
p0                        =      1.29649   +/-   0.0102542   
p1                        =   -0.0117761   +/-   0.000209238 

****************************************
Minimizer is Linear
Chi2                      =      340.489
NDf                       =           17
p0                        =      1.62655   +/-   0.0149783   
p1                        =    -0.026603   +/-   0.00053321  
p2                        =  0.000126371   +/-   4.18007e-06 

****************************************
Minimizer is Linear
Chi2                      =      63.6545
NDf                       =           16
p0                        =      1.88083   +/-   0.0213987   
p1                        =   -0.0438604   +/-   0.00116624  
p2                        =  0.000411649   +/-   1.7648e-05  
p3                        = -1.18699e-06   +/-   7.13406e-08 

****************************************
Minimizer is Linear
Chi2                      =      16.9919
NDf                       =           15
p0                        =      2.01845   +/-   0.0293908   
p1                        =   -0.0577616   +/-   0.00234552  
p2                        =    0.0007959   +/-   5.89545e-05 
p3                        = -4.89386e-06   +/-   5.47324e-07 
p4                        =  1.08591e-08   +/-   1.58969e-09 

****************************************
Minimizer is Linear
Chi2                      =      9.61005
NDf                       =           14
p0                        =      2.08321   +/-   0.0378397   
p1                        =   -0.0668742   +/-   0.00409274  
p2                        =   0.00116747   +/-   0.000148927 
p3                        = -1.09283e-05   +/-   2.28747e-06 
p4                        =  5.17664e-08   +/-   1.51399e-08 
p5                        = -9.53592e-11   +/-   3.50977e-11 

****************************************
Minimizer is Linear
Chi2                      =      8.88522
NDf                       =           13
p0                        =      2.05881   +/-   0.0474685   
p1                        =   -0.0623522   +/-   0.00670543  
p2                        =  0.000918002   +/-   0.000328699 
p3                        = -5.08187e-06   +/-   7.23806e-06 
p4                        =  -1.3019e-08   +/-   7.75868e-08 
p5                        =   2.3765e-10   +/-   3.92717e-10 
p6                        = -6.35772e-13   +/-   7.46763e-13 

****************************************
Minimizer is Linear
Chi2                      =      8.46188
NDf                       =           12
p0                        =       2.0821   +/-   0.0594515   
p1                        =    -0.067796   +/-   0.0107222   
p2                        =   0.00130438   +/-   0.000678738 
p3                        = -1.72179e-05   +/-   2.00073e-05 
p4                        =  1.79831e-07   +/-   3.06383e-07 
p5                        = -1.36736e-09   +/-   2.49785e-09 
p6                        =  6.00045e-12   +/-   1.02267e-11 
p7                        = -1.07119e-14   +/-   1.64634e-14 

****************************************
Minimizer is Linear
Chi2                      =      7.66086
NDf                       =           11
p0                        =      2.12348   +/-   0.0753159   
p1                        =    -0.079454   +/-   0.0168712   
p2                        =   0.00232546   +/-   0.00132751  
p3                        = -5.80735e-05   +/-   4.9841e-05  
p4                        =   1.0444e-06   +/-   1.01343e-06 
p5                        = -1.16209e-08   +/-   1.17256e-08 
p6                        =   7.4138e-11   +/-   7.68156e-11 
p7                        = -2.46766e-13   +/-   2.64262e-13 
p8                        =  3.30903e-16   +/-   3.69727e-16 

****************************************
Minimizer is Linear
Chi2                      =      6.58146
NDf                       =           10
p0                        =      2.19317   +/-   0.100854    
p1                        =    -0.101874   +/-   0.0273913   
p2                        =   0.00463375   +/-   0.0025881   
p3                        = -0.000169685   +/-   0.000118424 
p4                        =  3.99448e-06   +/-   3.01485e-06 
p5                        = -5.73183e-08   +/-   4.55194e-08 
p6                        =  4.98547e-10   +/-   4.15649e-10 
p7                        = -2.56432e-12   +/-   2.24622e-12 
p8                        =  7.17147e-15   +/-   6.59435e-15 
p9                        = -8.40207e-18   +/-   8.0869e-18  
