('Before scaling:', 18363.259976113783)
('After scaling:', 18877.43125544497)

****************************************
Minimizer is Linear
Chi2                      =      91.5683
NDf                       =           18
p0                        =     0.961755   +/-   0.0098995   
p1                        =  0.000379411   +/-   9.34475e-05 
Polynomial order 1: Chi2/NDF = 5.087

****************************************
Minimizer is Linear
Chi2                      =       24.976
NDf                       =           17
p0                        =      1.08031   +/-   0.0175798   
p1                        =  -0.00258567   +/-   0.000375174 
p2                        =  1.40921e-05   +/-   1.72689e-06 
Polynomial order 2: Chi2/NDF = 1.469

****************************************
Minimizer is Linear
Chi2                      =      17.4657
NDf                       =           16
p0                        =      1.02124   +/-   0.0278137   
p1                        =  9.73953e-05   +/-   0.00104847  
p2                        = -1.67025e-05   +/-   1.13688e-05 
p3                        =  9.78771e-08   +/-   3.57151e-08 
Polynomial order 3: Chi2/NDF = 1.092

****************************************
Minimizer is Linear
Chi2                      =       13.595
NDf                       =           15
p0                        =      1.07858   +/-   0.0402865   
p1                        =  -0.00400425   +/-   0.00233361  
p2                        =  6.58199e-05   +/-   4.34584e-05 
p3                        = -5.14384e-07   +/-   3.13247e-07 
p4                        =   1.4897e-09   +/-   7.57196e-10 
Polynomial order 4: Chi2/NDF = 0.906

****************************************
Minimizer is Linear
Chi2                      =      13.4586
NDf                       =           14
p0                        =      1.06499   +/-   0.0545474   
p1                        =  -0.00259587   +/-   0.00447041  
p2                        =  2.26039e-05   +/-   0.000124811 
p3                        =  3.15084e-08   +/-   1.51075e-06 
p4                        = -1.51078e-09   +/-   8.15857e-09 
p5                        =  5.93789e-12   +/-   1.60759e-11 
Polynomial order 5: Chi2/NDF = 0.961

****************************************
Minimizer is Linear
Chi2                      =      13.4576
NDf                       =           13
p0                        =      1.06358   +/-   0.0703377   
p1                        =  -0.00239474   +/-   0.00773313  
p2                        =  1.39312e-05   +/-   0.000299355 
p3                        =  1.94239e-07   +/-   5.32427e-06 
p4                        = -2.99641e-09   +/-   4.73182e-08 
p5                        =  1.24188e-11   +/-   2.03965e-10 
p6                        = -1.08031e-14   +/-   3.38933e-13 
Polynomial order 6: Chi2/NDF = 1.035

****************************************
Minimizer is Linear
Chi2                      =      8.37556
NDf                       =           12
p0                        =      1.18352   +/-   0.0881947   
p1                        =    -0.024761   +/-   0.0125792   
p2                        =   0.00129581   +/-   0.000642614 
p3                        = -3.28265e-05   +/-   1.55853e-05 
p4                        =  4.35862e-07   +/-   2.00342e-07 
p5                        = -3.10863e-09   +/-   1.39941e-09 
p6                        =  1.12545e-11   +/-   5.00868e-12 
p7                        = -1.61921e-14   +/-   7.18266e-15 
Polynomial order 7: Chi2/NDF = 0.698

****************************************
Minimizer is Linear
Chi2                      =      7.11038
NDf                       =           11
p0                        =      1.10978   +/-   0.109895    
p1                        =   -0.0074831   +/-   0.0198543   
p2                        =  3.78519e-05   +/-   0.00128986  
p3                        =  9.29669e-06   +/-   4.05631e-05 
p4                        = -3.19192e-07   +/-   7.00536e-07 
p5                        =  4.59016e-09   +/-   6.98617e-09 
p6                        = -3.34305e-11   +/-   4.00415e-11 
p7                        =  1.21133e-13   +/-   1.22299e-13 
p8                        = -1.73265e-16   +/-   1.5404e-16  
Polynomial order 8: Chi2/NDF = 0.646

****************************************
Minimizer is Linear
Chi2                      =      7.07651
NDf                       =           10
p0                        =      1.09403   +/-   0.139277    
p1                        =  -0.00305122   +/-   0.0312127   
p2                        = -0.000356427   +/-   0.00250091  
p3                        =  2.57613e-05   +/-   9.82384e-05 
p4                        = -6.97266e-07   +/-   2.1707e-06  
p5                        =  9.72528e-09   +/-   2.87668e-08 
p6                        = -7.56973e-11   +/-   2.33153e-10 
p7                        =  3.27947e-13   +/-   1.13052e-12 
p8                        =  -7.2613e-16   +/-   3.00836e-15 
p9                        =  6.21223e-19   +/-   3.37589e-18 
Polynomial order 9: Chi2/NDF = 0.708

Best fit: Polynomial order 8 with Chi2/NDF = 0.646
