('Before scaling:', 18363.259976113783)
('After scaling:', 18877.43125544497)
('New number of bins:', 14)
Bin edges:
0.0
10.0
20.0
30.0
40.0
50.0
60.0
70.0
80.0
90.0
100.0
110.0
120.0
140.0
200.0

****************************************
Minimizer is Linear
Chi2                      =       43.837
NDf                       =           12
p0                        =     0.970148   +/-   0.0101574   
p1                        =  0.000307638   +/-   9.7393e-05  
Polynomial order 1: Chi2/NDF = 3.653

****************************************
Minimizer is Linear
Chi2                      =      7.26539
NDf                       =           11
p0                        =      1.06605   +/-   0.0188325   
p1                        =  -0.00222025   +/-   0.000429205 
p2                        =  1.26845e-05   +/-   2.0975e-06  
Polynomial order 2: Chi2/NDF = 0.660

****************************************
Minimizer is Linear
Chi2                      =      6.60911
NDf                       =           10
p0                        =       1.0462   +/-   0.0309091   
p1                        =  -0.00122993   +/-   0.0012956   
p2                        =  1.75247e-07   +/-   1.55832e-05 
p3                        =  4.37943e-08   +/-   5.40593e-08 
Polynomial order 3: Chi2/NDF = 0.661

****************************************
Minimizer is Linear
Chi2                      =      6.42944
NDf                       =            9
p0                        =      1.06071   +/-   0.0461237   
p1                        =  -0.00241082   +/-   0.00307247  
p2                        =   2.7245e-05   +/-   6.57366e-05 
p3                        = -1.85212e-07   +/-   5.42968e-07 
p4                        =  6.33963e-10   +/-   1.49564e-09 
Polynomial order 4: Chi2/NDF = 0.714

****************************************
Minimizer is Linear
Chi2                      =      6.33442
NDf                       =            8
p0                        =      1.07448   +/-   0.0642251   
p1                        =  -0.00409659   +/-   0.00627295  
p2                        =  8.82053e-05   +/-   0.000208408 
p3                        = -1.09224e-06   +/-   2.99227e-06 
p4                        =  6.49703e-09   +/-   1.90798e-08 
p5                        = -1.35911e-11   +/-   4.40927e-11 
Polynomial order 5: Chi2/NDF = 0.792

****************************************
Minimizer is Linear
Chi2                      =      4.33843
NDf                       =            7
p0                        =      1.15414   +/-   0.0854606   
p1                        =   -0.0179567   +/-   0.0116445   
p2                        =  0.000816871   +/-   0.000556277 
p3                        =  -1.7741e-05   +/-   1.21583e-05 
p4                        =  1.91301e-07   +/-   1.32192e-07 
p5                        = -9.90927e-10   +/-   6.93178e-10 
p6                        =  1.96504e-12   +/-   1.39089e-12 
Polynomial order 6: Chi2/NDF = 0.620

****************************************
Minimizer is Linear
Chi2                      =       3.7231
NDf                       =            6
p0                        =      1.09682   +/-   0.112441    
p1                        =  -0.00459824   +/-   0.02063     
p2                        = -0.000138628   +/-   0.0013391   
p3                        =  1.30147e-05   +/-   4.10497e-05 
p4                        = -3.19698e-07   +/-   6.64706e-07 
p5                        =  3.54759e-09   +/-   5.82714e-09 
p6                        = -1.84358e-11   +/-   2.60445e-11 
p7                        =   3.6339e-14   +/-   4.63255e-14 
Polynomial order 7: Chi2/NDF = 0.621

****************************************
Minimizer is Linear
Chi2                      =      3.59094
NDf                       =            5
p0                        =      1.13488   +/-   0.153643    
p1                        =   -0.0156999   +/-   0.0368533   
p2                        =   0.00087961   +/-   0.00310458  
p3                        = -3.02629e-05   +/-   0.000125925 
p4                        =  6.69086e-07   +/-   2.79995e-06 
p5                        =  -9.3256e-09   +/-   3.58873e-08 
p6                        =  7.69384e-11   +/-   2.63641e-10 
p7                        = -3.36948e-13   +/-   1.02787e-12 
p8                        =  5.97285e-16   +/-   1.64299e-15 
Polynomial order 8: Chi2/NDF = 0.718

****************************************
Minimizer is Linear
Chi2                      =      2.21254
NDf                       =            4
p0                        =     0.928184   +/-   0.233524    
p1                        =    0.0546324   +/-   0.0702784   
p2                        =  -0.00693628   +/-   0.00733897  
p3                        =    0.0003847   +/-   0.000374846 
p4                        = -1.15723e-05   +/-   1.07851e-05 
p5                        =  2.05576e-07   +/-   1.86333e-07 
p6                        = -2.21647e-09   +/-   1.96902e-09 
p7                        =  1.42242e-11   +/-   1.24316e-11 
p8                        = -4.98478e-14   +/-   4.29514e-14 
p9                        =  7.32205e-17   +/-   6.2298e-17  
Polynomial order 9: Chi2/NDF = 0.553

Best fit: Polynomial order 9 with Chi2/NDF = 0.553
