('Before scaling:', 10644.607283842792)
('After scaling:', 10005.930846812227)

****************************************
Minimizer is Linear
Chi2                      =      169.964
NDf                       =           18
p0                        =       1.0453   +/-   0.0113627   
p1                        = -0.000716614   +/-   0.00013688  
Polynomial order 1: Chi2/NDF = 9.442

****************************************
Minimizer is Linear
Chi2                      =      71.8421
NDf                       =           17
p0                        =       1.1999   +/-   0.0193049   
p1                        =  -0.00517343   +/-   0.000470287 
p2                        =  2.49398e-05   +/-   2.51773e-06 
Polynomial order 2: Chi2/NDF = 4.226

****************************************
Minimizer is Linear
Chi2                      =      10.8328
NDf                       =           16
p0                        =      1.02249   +/-   0.0298085   
p1                        =   0.00352596   +/-   0.00120898  
p2                        = -8.44273e-05   +/-   1.42265e-05 
p3                        =  3.77978e-07   +/-   4.83914e-08 
Polynomial order 3: Chi2/NDF = 0.677

****************************************
Minimizer is Linear
Chi2                      =      9.53157
NDf                       =           15
p0                        =     0.987947   +/-   0.0424924   
p1                        =   0.00614491   +/-   0.00259471  
p2                        = -0.000140796   +/-   5.14213e-05 
p3                        =  8.23545e-07   +/-   3.93584e-07 
p4                        = -1.14417e-09   +/-   1.00301e-09 
Polynomial order 4: Chi2/NDF = 0.635

****************************************
Minimizer is Linear
Chi2                      =      9.43719
NDf                       =           14
p0                        =     0.999449   +/-   0.0566351   
p1                        =   0.00488804   +/-   0.00484458  
p2                        =  -0.00010003   +/-   0.000142311 
p3                        =   2.8013e-07   +/-   1.8121e-06  
p4                        =  1.99183e-09   +/-   1.0257e-08  
p5                        = -6.47306e-12   +/-   2.10701e-11 
Polynomial order 5: Chi2/NDF = 0.674

****************************************
Minimizer is Linear
Chi2                      =      8.72547
NDf                       =           13
p0                        =      1.03738   +/-   0.072312    
p1                        = -0.000774939   +/-   0.0082782   
p2                        =  0.000155778   +/-   0.000334954 
p3                        = -4.74146e-06   +/-   6.22202e-06 
p4                        =  4.98065e-08   +/-   5.75974e-08 
p5                        = -2.23136e-10   +/-   2.57683e-10 
p6                        =  3.73479e-13   +/-   4.427e-13   
Polynomial order 6: Chi2/NDF = 0.671

****************************************
Minimizer is Linear
Chi2                      =      7.53848
NDf                       =           12
p0                        =       1.0964   +/-   0.0903548   
p1                        =   -0.0122753   +/-   0.0134147   
p2                        =  0.000840816   +/-   0.000712423 
p3                        = -2.30718e-05   +/-   1.79384e-05 
p4                        =  3.02494e-07   +/-   2.38977e-07 
p5                        = -2.08249e-09   +/-   1.72597e-09 
p6                        =  7.29667e-12   +/-   6.36993e-12 
p7                        = -1.02331e-14   +/-   9.39255e-15 
Polynomial order 7: Chi2/NDF = 0.628

****************************************
Minimizer is Linear
Chi2                      =      6.71004
NDf                       =           11
p0                        =       1.1578   +/-   0.112756    
p1                        =   -0.0271858   +/-   0.0211735   
p2                        =   0.00196144   +/-   0.00142246  
p3                        = -6.18251e-05   +/-   4.62019e-05 
p4                        =  1.01968e-06   +/-   8.23402e-07 
p5                        = -9.62279e-09   +/-   8.46225e-09 
p6                        =  5.23378e-11   +/-   4.9894e-11  
p7                        = -1.52373e-13   +/-   1.56449e-13 
p8                        =  1.83739e-16   +/-   2.0187e-16  
Polynomial order 8: Chi2/NDF = 0.610

****************************************
Minimizer is Linear
Chi2                      =      3.82244
NDf                       =           10
p0                        =      1.00505   +/-   0.144201    
p1                        =    0.0168794   +/-   0.0334773   
p2                        =  -0.00205162   +/-   0.00275687  
p3                        =  0.000109988   +/-   0.000111163 
p4                        =  -3.0283e-06   +/-   2.52041e-06 
p5                        =  4.67762e-08   +/-   3.42509e-08 
p6                        = -4.23418e-10   +/-   2.84379e-10 
p7                        =  2.23027e-12   +/-   1.41081e-12 
p8                        = -6.32552e-15   +/-   3.83581e-15 
p9                        =  7.46284e-18   +/-   4.39165e-18 
Polynomial order 9: Chi2/NDF = 0.382

Best fit: Polynomial order 9 with Chi2/NDF = 0.382
